<?xml version="1.0" encoding="UTF-8"?>
<testng-results skipped="0" failed="0" ignored="3" total="4" passed="1">
  <reporter-output>
  </reporter-output>
  <suite name="regression" duration-ms="21" started-at="2018-05-08T14:44:53Z" finished-at="2018-05-08T14:44:53Z">
    <groups>
      <group name="checkintest">
        <method signature="FirstTest.test4()[pri:0, instance:ru.lesson4.FirstTest@6615435c]" name="test4" class="ru.lesson4.FirstTest"/>
      </group> <!-- checkintest -->
    </groups>
    <test name="Test1" duration-ms="21" started-at="2018-05-08T14:44:53Z" finished-at="2018-05-08T14:44:53Z">
      <class name="ru.lesson4.FirstTest">
        <test-method status="PASS" signature="test4()[pri:0, instance:ru.lesson4.FirstTest@6615435c]" name="test4" duration-ms="5" started-at="2018-05-08T14:44:53Z" finished-at="2018-05-08T14:44:53Z">
          <reporter-output>
          </reporter-output>
        </test-method> <!-- test4 -->
      </class> <!-- ru.lesson4.FirstTest -->
    </test> <!-- Test1 -->
  </suite> <!-- regression -->
</testng-results>
