<?xml version="1.0" encoding="UTF-8"?>
<!-- Generated by org.testng.reporters.JUnitXMLReporter -->
<testsuite hostname="Vika" ignored="0" name="Surefire test" tests="4" failures="0" timestamp="12 мая 2018 21:00:31 GMT" time="5.508" errors="0">
  <testcase name="test1" time="0.729" classname="ru.lesson4.FirstTest"/>
  <testcase name="test2" time="0.928" classname="ru.lesson4.FirstTest"/>
  <testcase name="test3" time="0.807" classname="ru.lesson4.FirstTest"/>
  <testcase name="test4" time="0.0" classname="ru.lesson4.FirstTest"/>
</testsuite> <!-- Surefire test -->
