<?xml version="1.0" encoding="UTF-8"?>
<!-- Generated by org.testng.reporters.JUnitXMLReporter -->
<testsuite hostname="Vika" ignored="3" name="Test1" tests="1" failures="0" timestamp="09 мая 2018 18:06:48 GMT" time="0.016" errors="0">
  <testcase name="test4" time="0.003" classname="ru.lesson4.FirsTest"/>
  <testcase name="test3" time="0.0" classname="ru.lesson4.FirsTest">
    <ignored/>
  </testcase> <!-- test3 -->
  <testcase name="test2" time="0.0" classname="ru.lesson4.FirsTest">
    <ignored/>
  </testcase> <!-- test2 -->
  <testcase name="test1" time="0.0" classname="ru.lesson4.FirsTest">
    <ignored/>
  </testcase> <!-- test1 -->
</testsuite> <!-- Test1 -->
