<?xml version="1.0" encoding="UTF-8"?>
<testsuite xmlns:xsi="http://www.w3.org/2001/XMLSchema-instance" xsi:noNamespaceSchemaLocation="https://maven.apache.org/surefire/maven-surefire-plugin/xsd/surefire-test-report.xsd" name="TestSuite" time="22.616" tests="1" errors="0" skipped="0" failures="1">
  <properties>
[...]
</properties>
  <testcase name="welcomePageTest" classname="ru.lesson.JDITest" time="20.017">
    <failure message="java.lang.AssertionError: Do action Open page &apos;EpamJDISite&apos; failed. Can&apos;t get result. Reason: java.lang.AssertionError: Can&apos;t get driver; Thread: 1&#10;Drivers: CHROME:com.epam.jdi.uitests.web.selenium.driver.SeleniumDriverFactory$$Lambda$36/4662612@1112965; Run: java.lang.ThreadLocal@3e4e87Exception: The driver executable does not exist: F:\IdeaProjects\OTUS\MyHomeWork\forGitHub\TempTemp\JDIFirstExample\src\main\resources\driver\chromedriver.exe" type="java.lang.RuntimeException">java.lang.RuntimeException: 
java.lang.AssertionError: Do action Open page 'EpamJDISite' failed. Can't get result. Reason: java.lang.AssertionError: Can't get driver; Thread: 1
Drivers: CHROME:com.epam.jdi.uitests.web.selenium.driver.SeleniumDriverFactory$$Lambda$36/4662612@1112965; Run: java.lang.ThreadLocal@3e4e87Exception: The driver executable does not exist: F:\IdeaProjects\OTUS\MyHomeWork\forGitHub\TempTemp\JDIFirstExample\src\main\resources\driver\chromedriver.exe
	at ru.lesson.JDITest.welcomePageTest(JDITest.java:14)
Caused by: java.lang.AssertionError: 
Do action Open page 'EpamJDISite' failed. Can't get result. Reason: java.lang.AssertionError: Can't get driver; Thread: 1
Drivers: CHROME:com.epam.jdi.uitests.web.selenium.driver.SeleniumDriverFactory$$Lambda$36/4662612@1112965; Run: java.lang.ThreadLocal@3e4e87Exception: The driver executable does not exist: F:\IdeaProjects\OTUS\MyHomeWork\forGitHub\TempTemp\JDIFirstExample\src\main\resources\driver\chromedriver.exe
	at ru.lesson.JDITest.welcomePageTest(JDITest.java:14)
</failure>
    <system-out><![CDATA[21:18.569 INFO: Init test run
21:19.184 INFO: Open page 'EpamJDISite' for EpamJDISite(http://blazedemo.com/)
]]></system-out>
  </testcase>
</testsuite>