<?xml version="1.0" encoding="UTF-8"?>
<testng-results skipped="0" failed="0" ignored="1" total="4" passed="3">
  <reporter-output>
  </reporter-output>
  <suite name="testng" duration-ms="2548" started-at="2018-05-11T16:56:50Z" finished-at="2018-05-11T16:56:52Z">
    <groups>
      <group name="functest">
        <method signature="FirstTest.test1()[pri:0, instance:ru.lesson4.FirstTest@6ac49b]" name="test1" class="ru.lesson4.FirstTest"/>
        <method signature="FirstTest.test2()[pri:0, instance:ru.lesson4.FirstTest@6ac49b]" name="test2" class="ru.lesson4.FirstTest"/>
        <method signature="FirstTest.test3()[pri:0, instance:ru.lesson4.FirstTest@6ac49b]" name="test3" class="ru.lesson4.FirstTest"/>
      </group> <!-- functest -->
    </groups>
    <test name="Test1" duration-ms="2548" started-at="2018-05-11T16:56:50Z" finished-at="2018-05-11T16:56:52Z">
      <class name="ru.lesson4.FirstTest">
        <test-method status="PASS" signature="test1()[pri:0, instance:ru.lesson4.FirstTest@6ac49b]" name="test1" duration-ms="936" started-at="2018-05-11T16:56:50Z" finished-at="2018-05-11T16:56:51Z">
          <reporter-output>
          </reporter-output>
        </test-method> <!-- test1 -->
        <test-method status="PASS" signature="test2()[pri:0, instance:ru.lesson4.FirstTest@6ac49b]" name="test2" duration-ms="846" started-at="2018-05-11T16:56:51Z" finished-at="2018-05-11T16:56:51Z">
          <reporter-output>
          </reporter-output>
        </test-method> <!-- test2 -->
        <test-method status="PASS" signature="test3()[pri:0, instance:ru.lesson4.FirstTest@6ac49b]" name="test3" duration-ms="739" started-at="2018-05-11T16:56:51Z" finished-at="2018-05-11T16:56:52Z">
          <reporter-output>
          </reporter-output>
        </test-method> <!-- test3 -->
      </class> <!-- ru.lesson4.FirstTest -->
    </test> <!-- Test1 -->
  </suite> <!-- testng -->
</testng-results>
