<?xml version="1.0" encoding="UTF-8"?>
<!-- Generated by org.testng.reporters.JUnitXMLReporter -->
<testsuite hostname="vukolova" ignored="3" name="Test1" tests="1" failures="0" timestamp="08 мая 2018 14:44:53 GMT" time="0.021" errors="0">
  <testcase name="test4" time="0.005" classname="ru.lesson4.FirstTest"/>
  <testcase name="test1" time="0.0" classname="ru.lesson4.FirstTest">
    <ignored/>
  </testcase> <!-- test1 -->
  <testcase name="test3" time="0.0" classname="ru.lesson4.FirstTest">
    <ignored/>
  </testcase> <!-- test3 -->
  <testcase name="test2" time="0.0" classname="ru.lesson4.FirstTest">
    <ignored/>
  </testcase> <!-- test2 -->
</testsuite> <!-- Test1 -->
