<?xml version="1.0" encoding="UTF-8"?>
<testng-results skipped="0" failed="0" ignored="3" total="4" passed="1">
  <reporter-output>
  </reporter-output>
  <suite name="regression" duration-ms="16" started-at="2018-05-09T18:06:48Z" finished-at="2018-05-09T18:06:48Z">
    <groups>
      <group name="checkintest">
        <method signature="FirsTest.test4()[pri:0, instance:ru.lesson4.FirsTest@6ac49b]" name="test4" class="ru.lesson4.FirsTest"/>
      </group> <!-- checkintest -->
    </groups>
    <test name="Test1" duration-ms="16" started-at="2018-05-09T18:06:48Z" finished-at="2018-05-09T18:06:48Z">
      <class name="ru.lesson4.FirsTest">
        <test-method status="PASS" signature="test4()[pri:0, instance:ru.lesson4.FirsTest@6ac49b]" name="test4" duration-ms="3" started-at="2018-05-09T18:06:48Z" finished-at="2018-05-09T18:06:48Z">
          <reporter-output>
          </reporter-output>
        </test-method> <!-- test4 -->
      </class> <!-- ru.lesson4.FirsTest -->
    </test> <!-- Test1 -->
  </suite> <!-- regression -->
</testng-results>
