<?xml version="1.0" encoding="UTF-8"?>
<!-- Generated by org.testng.reporters.JUnitXMLReporter -->
<testsuite hostname="Vika" ignored="1" name="Test1" tests="3" failures="0" timestamp="11 мая 2018 20:51:01 GMT" time="2.645" errors="0">
  <testcase name="test1" time="0.898" classname="ru.lesson4.FirstTest"/>
  <testcase name="test2" time="0.879" classname="ru.lesson4.FirstTest"/>
  <testcase name="test3" time="0.836" classname="ru.lesson4.FirstTest"/>
  <testcase name="test4" time="0.0" classname="ru.lesson4.FirstTest">
    <ignored/>
  </testcase> <!-- test4 -->
</testsuite> <!-- Test1 -->
