<?xml version="1.0" encoding="UTF-8"?>
<testng-results skipped="0" failed="0" ignored="0" total="4" passed="4">
  <reporter-output>
  </reporter-output>
  <suite name="Surefire suite" duration-ms="5508" started-at="2018-05-12T21:00:25Z" finished-at="2018-05-12T21:00:31Z">
    <groups>
      <group name="checkintest">
        <method signature="FirstTest.test4()[pri:0, instance:ru.lesson4.FirstTest@d3bd8b]" name="test4" class="ru.lesson4.FirstTest"/>
      </group> <!-- checkintest -->
      <group name="functest">
        <method signature="FirstTest.test1()[pri:0, instance:ru.lesson4.FirstTest@d3bd8b]" name="test1" class="ru.lesson4.FirstTest"/>
        <method signature="FirstTest.test2()[pri:0, instance:ru.lesson4.FirstTest@d3bd8b]" name="test2" class="ru.lesson4.FirstTest"/>
        <method signature="FirstTest.test3()[pri:0, instance:ru.lesson4.FirstTest@d3bd8b]" name="test3" class="ru.lesson4.FirstTest"/>
      </group> <!-- functest -->
    </groups>
    <test name="Surefire test" duration-ms="5508" started-at="2018-05-12T21:00:25Z" finished-at="2018-05-12T21:00:31Z">
      <class name="ru.lesson4.FirstTest">
        <test-method status="PASS" signature="beforeAllTests()[pri:0, instance:ru.lesson4.FirstTest@d3bd8b]" name="beforeAllTests" is-config="true" duration-ms="2426" started-at="2018-05-12T21:00:25Z" finished-at="2018-05-12T21:00:28Z">
          <reporter-output>
          </reporter-output>
        </test-method> <!-- beforeAllTests -->
        <test-method status="PASS" signature="test1()[pri:0, instance:ru.lesson4.FirstTest@d3bd8b]" name="test1" duration-ms="729" started-at="2018-05-12T21:00:28Z" finished-at="2018-05-12T21:00:28Z">
          <reporter-output>
          </reporter-output>
        </test-method> <!-- test1 -->
        <test-method status="PASS" signature="test2()[pri:0, instance:ru.lesson4.FirstTest@d3bd8b]" name="test2" duration-ms="928" started-at="2018-05-12T21:00:28Z" finished-at="2018-05-12T21:00:29Z">
          <reporter-output>
          </reporter-output>
        </test-method> <!-- test2 -->
        <test-method status="PASS" signature="test3()[pri:0, instance:ru.lesson4.FirstTest@d3bd8b]" name="test3" duration-ms="807" started-at="2018-05-12T21:00:29Z" finished-at="2018-05-12T21:00:30Z">
          <reporter-output>
          </reporter-output>
        </test-method> <!-- test3 -->
        <test-method status="PASS" signature="afterAllTests()[pri:0, instance:ru.lesson4.FirstTest@d3bd8b]" name="afterAllTests" is-config="true" duration-ms="617" started-at="2018-05-12T21:00:30Z" finished-at="2018-05-12T21:00:31Z">
          <reporter-output>
          </reporter-output>
        </test-method> <!-- afterAllTests -->
        <test-method status="PASS" signature="test4()[pri:0, instance:ru.lesson4.FirstTest@d3bd8b]" name="test4" duration-ms="0" started-at="2018-05-12T21:00:30Z" finished-at="2018-05-12T21:00:30Z">
          <reporter-output>
          </reporter-output>
        </test-method> <!-- test4 -->
      </class> <!-- ru.lesson4.FirstTest -->
    </test> <!-- Surefire test -->
  </suite> <!-- Surefire suite -->
</testng-results>
